<?xml version="1.0" encoding="UTF-8"?>
<!-- Generated by org.testng.reporters.JUnitXMLReporter -->
<testsuite hostname="DESKTOP-SOJOF74" ignored="2" name="Test1" tests="3" failures="0" timestamp="2020-04-19T12:45:44 IST" time="11.766" errors="0">
  <testcase name="loggin" time="3.971" classname="test.LogginTest"/>
  <testcase name="searchUser" time="4.54" classname="test.SearchUserTest"/>
  <testcase name="AddUser" time="3.162" classname="test.NewUserTest"/>
  <testcase name="@BeforeSuite browserSet" time="0.0" classname="test.BaseTest">
    <ignored/>
  </testcase> <!-- @BeforeSuite browserSet -->
  <testcase name="@BeforeSuite browserSet" time="0.0" classname="test.BaseTest">
    <ignored/>
  </testcase> <!-- @BeforeSuite browserSet -->
</testsuite> <!-- Test1 -->
