<?xml version="1.0" encoding="UTF-8"?>
<testng-results skipped="0" failed="0" ignored="0" total="1" passed="1">
  <reporter-output>
  </reporter-output>
  <suite name="Default suite" duration-ms="19682" started-at="2020-04-29T20:00:16 IST" finished-at="2020-04-29T20:00:36 IST">
    <groups>
    </groups>
    <test name="Default test" duration-ms="19682" started-at="2020-04-29T20:00:16 IST" finished-at="2020-04-29T20:00:36 IST">
      <class name="pages.FileUploadDemo">
        <test-method status="PASS" signature="setup()[pri:0, instance:pages.FileUploadDemo@2173f6d9]" name="setup" duration-ms="19587" started-at="2020-04-29T20:00:16 IST" finished-at="2020-04-29T20:00:36 IST">
          <reporter-output>
          </reporter-output>
        </test-method> <!-- setup -->
      </class> <!-- pages.FileUploadDemo -->
    </test> <!-- Default test -->
  </suite> <!-- Default suite -->
</testng-results>
